<?xml version="1.0" encoding="UTF-8"?>
<!-- Generated by org.testng.reporters.JUnitReportReporter -->
<testsuite hostname="PSDLAP373" failures="0" tests="1" name="Test.HelloTest" time="0.020" errors="0" timestamp="2025-02-10T16:59:31 IST" skipped="0">
  <testcase classname="Test.HelloTest" name="printHello" time="0.020"/>
</testsuite> <!-- Test.HelloTest -->
